Start testing: Jul 20 06:07 EDT
----------------------------------------------------------
1/1 Testing: sim_core_tests
1/1 Test: sim_core_tests
Command: "/home/user/Desktop/Sim_Core/build/sim_core_tests"
Directory: /home/user/Desktop/Sim_Core/build
"sim_core_tests" start time: Jul 20 06:07 EDT
Output:
----------------------------------------------------------
[PASS] simulation time
[PASS] deterministic event queue
[PASS] cancellation and zero-delay guard
[PASS] canonical validation
[PASS] directed Dijkstra routing
[PASS] deterministic dispatch
[PASS] golden run and replay
7/7 tests passed
<end of output>
Test time =   0.01 sec
----------------------------------------------------------
Test Passed.
"sim_core_tests" end time: Jul 20 06:07 EDT
"sim_core_tests" time elapsed: 00:00:00
----------------------------------------------------------

End testing: Jul 20 06:07 EDT
